<?xml version="1.0" encoding="UTF-8"?>
<testsuite name="com.kiosk.demo.unit.CafeKioskTest" tests="1" skipped="0" failures="0" errors="0" timestamp="2024-06-24T15:17:30" hostname="suhyunucBookAir" time="0.031">
  <properties/>
  <testcase name="createOrderOutsideOpenTime()" classname="com.kiosk.demo.unit.CafeKioskTest" time="0.031"/>
  <system-out><![CDATA[]]></system-out>
  <system-err><![CDATA[]]></system-err>
</testsuite>
